0 info it worked if it ends with ok
1 verbose cli [ '/usr/local/Cellar/node/6.3.0/bin/node',
1 verbose cli   '/usr/local/bin/npm',
1 verbose cli   'run',
1 verbose cli   'dev' ]
2 info using npm@3.10.8
3 info using node@v6.3.0
4 verbose run-script [ 'predev', 'dev', 'postdev' ]
5 info lifecycle timeout@0.1.0~predev: timeout@0.1.0
6 silly lifecycle timeout@0.1.0~predev: no script for predev, continuing
7 info lifecycle timeout@0.1.0~dev: timeout@0.1.0
8 verbose lifecycle timeout@0.1.0~dev: unsafe-perm in lifecycle true
9 verbose lifecycle timeout@0.1.0~dev: PATH: /usr/local/lib/node_modules/npm/bin/node-gyp-bin:/Users/rchicoria/Projects/timeout/node_modules/.bin:/usr/local/Cellar/node/6.3.0/bin:/Users/rchicoria/.rvm/gems/ruby-2.3.0/bin:/Users/rchicoria/.rvm/gems/ruby-2.3.0@global/bin:/Users/rchicoria/.rvm/rubies/ruby-2.3.0/bin:/usr/local/Cellar/pyenv-virtualenv/20160716/shims:/Users/rchicoria/.pyenv/shims:/Applications/Postgres.app/Contents/Versions/latest/bin:/usr/local/bin:/usr/bin:/bin:/usr/sbin:/sbin:/opt/X11/bin:/Library/TeX/texbin:/usr/local/ec2/ec2-api-tools-1.7.5.1/bin:/usr/local/sbin:/Users/rchicoria/.rvm/bin
10 verbose lifecycle timeout@0.1.0~dev: CWD: /Users/rchicoria/Projects/timeout
11 silly lifecycle timeout@0.1.0~dev: Args: [ '-c', 'npm-run-all --parallel watchify server' ]
12 silly lifecycle timeout@0.1.0~dev: Returned: code: 1  signal: null
13 info lifecycle timeout@0.1.0~dev: Failed to exec dev script
14 verbose stack Error: timeout@0.1.0 dev: `npm-run-all --parallel watchify server`
14 verbose stack Exit status 1
14 verbose stack     at EventEmitter.<anonymous> (/usr/local/lib/node_modules/npm/lib/utils/lifecycle.js:255:16)
14 verbose stack     at emitTwo (events.js:106:13)
14 verbose stack     at EventEmitter.emit (events.js:191:7)
14 verbose stack     at ChildProcess.<anonymous> (/usr/local/lib/node_modules/npm/lib/utils/spawn.js:40:14)
14 verbose stack     at emitTwo (events.js:106:13)
14 verbose stack     at ChildProcess.emit (events.js:191:7)
14 verbose stack     at maybeClose (internal/child_process.js:852:16)
14 verbose stack     at Process.ChildProcess._handle.onexit (internal/child_process.js:215:5)
15 verbose pkgid timeout@0.1.0
16 verbose cwd /Users/rchicoria/Projects/timeout
17 error Darwin 16.4.0
18 error argv "/usr/local/Cellar/node/6.3.0/bin/node" "/usr/local/bin/npm" "run" "dev"
19 error node v6.3.0
20 error npm  v3.10.8
21 error code ELIFECYCLE
22 error timeout@0.1.0 dev: `npm-run-all --parallel watchify server`
22 error Exit status 1
23 error Failed at the timeout@0.1.0 dev script 'npm-run-all --parallel watchify server'.
23 error Make sure you have the latest version of node.js and npm installed.
23 error If you do, this is most likely a problem with the timeout package,
23 error not with npm itself.
23 error Tell the author that this fails on your system:
23 error     npm-run-all --parallel watchify server
23 error You can get information on how to open an issue for this project with:
23 error     npm bugs timeout
23 error Or if that isn't available, you can get their info via:
23 error     npm owner ls timeout
23 error There is likely additional logging output above.
24 verbose exit [ 1, true ]
